start loop
Aan het luisteren voor connecties op: 0.0.0.0:1741
accept
bericht
lengte: 158
unpickled: {'info': {'id': 0, 'tafel': -1, 'naam': 'KASSA', 'verkoper': 'KASSA'}, 'opm': 'DIT is een test, geen actie nodig...', 'BST': {}}
INFO: {'id': 0, 'tafel': -1, 'naam': 'KASSA', 'verkoper': 'KASSA'}
BESTELLING:  {}
OPM: DIT is een test, geen actie nodig...
geprint
accept
bericht
lengte: 491
unpickled: {'info': {'naam': 'testje', 'id': 4, 'tafel': 1223, 'verkoper': 'Andries'}, 'opm': 'zrteyuuyrt*$%&+:##57+&$3357"*©™', 'BST': {'spaghetti normaal': 6, 'spaghetti groenten normaal': 8, 'kaaskroketten (3st)': 7, 'kaaskroketten (2st)': 6, 'spaghetti groenten klein': 5, 'spaghetti klein': 7, 'chocolademousse': 24, 'tiramisu': 7, 'coca-cola zero': 2, 'fanta': 2, 'bruisend water': 2, 'affligem donker': 2, 'affligem bleek': 2}}
INFO: {'naam': 'testje', 'id': 4, 'tafel': 1223, 'verkoper': 'Andries'}
BESTELLING:  {'spaghetti normaal': 6, 'spaghetti groenten normaal': 8, 'kaaskroketten (3st)': 7, 'kaaskroketten (2st)': 6, 'spaghetti groenten klein': 5, 'spaghetti klein': 7, 'chocolademousse': 24, 'tiramisu': 7, 'coca-cola zero': 2, 'fanta': 2, 'bruisend water': 2, 'affligem donker': 2, 'affligem bleek': 2}
OPM: zrteyuuyrt*$%&+:##57+&$3357"*©™
geprint
accept
bericht
lengte: 188
unpickled: {'info': {'naam': 'emiel', 'id': 9, 'tafel': 90, 'verkoper': 'jos'}, 'opm': 'met nootjes', 'BST': {'chocolademousse': 1, 'affligem donker': 3}}
INFO: {'naam': 'emiel', 'id': 9, 'tafel': 90, 'verkoper': 'jos'}
BESTELLING:  {'chocolademousse': 1, 'affligem donker': 3}
OPM: met nootjes
geprint
accept
bericht
lengte: 19
unpickled: {'STOP': True}
line 204: 'info'
start loop
Aan het luisteren voor connecties op: 0.0.0.0:1741
accept
bericht
lengte: 238
unpickled: {'info': {'naam': 'donkerstraat', 'id': 1, 'tafel': 12, 'verkoper': 'jeroen'}, 'opm': '', 'BST': {'spaghetti normaal': 1, 'tiramisu': 1, 'ice-tea': 1, 'plat water': 1}, 'hash': '150'}
INFO: {'naam': 'donkerstraat', 'id': 1, 'tafel': 12, 'verkoper': 'jeroen'}
BESTELLING:  {'spaghetti normaal': 1, 'tiramisu': 1, 'ice-tea': 1, 'plat water': 1}
OPM: 
geprint
accept
bericht
lengte: 293
unpickled: {'info': {'naam': 'joske', 'id': 101, 'tafel': 5, 'verkoper': 'Wim'}, 'opm': '', 'BST': {'kaaskroketten (3st)': 2, 'spaghetti groenten normaal': 1, 'tiramisu': 2, 'affligem donker': 1, 'bruisend water': 1, 'fanta': 1}, 'hash': '10181'}
INFO: {'naam': 'joske', 'id': 101, 'tafel': 5, 'verkoper': 'Wim'}
BESTELLING:  {'kaaskroketten (3st)': 2, 'spaghetti groenten normaal': 1, 'tiramisu': 2, 'affligem donker': 1, 'bruisend water': 1, 'fanta': 1}
OPM: 
geprint
accept
bericht
lengte: 198
unpickled: {'info': {'naam': 'nele', 'id': 45, 'tafel': 67, 'verkoper': 'jeroen'}, 'opm': '1 potje mayo', 'BST': {'coca-cola': 1, 'ice-tea': 1}, 'hash': '450'}
INFO: {'naam': 'nele', 'id': 45, 'tafel': 67, 'verkoper': 'jeroen'}
BESTELLING:  {'coca-cola': 1, 'ice-tea': 1}
OPM: 1 potje mayo
accept
bericht
lengte: 218
unpickled: {'info': {'naam': 'nele', 'id': 45, 'tafel': 67, 'verkoper': 'jeroen'}, 'opm': '1 potje mayo', 'BST': {'spaghetti normaal': 1, 'kaaskroketten (3st)': 1}, 'hash': '450'}
geprint
accept
bericht
lengte: 205
unpickled: {'info': {'naam': 'nele', 'id': 45, 'tafel': 67, 'verkoper': 'jeroen'}, 'opm': '1 potje mayo', 'BST': {'chocolademousse': 1, 'tiramisu': 1}, 'hash': '450'}
INFO: {'naam': 'nele', 'id': 45, 'tafel': 67, 'verkoper': 'jeroen'}
BESTELLING:  {'spaghetti normaal': 1, 'kaaskroketten (3st)': 1}
OPM: 1 potje mayo
geprint
accept
bericht
lengte: 241
unpickled: {'info': {'naam': 'De Waele', 'id': 5, 'tafel': 16, 'verkoper': 'Wim'}, 'opm': '', 'BST': {'coca-cola': 1, 'duvel': 2, 'affligem bleek': 1, 'fanta': 1, 'limoncello': 1}, 'hash': '564'}
INFO: {'naam': 'nele', 'id': 45, 'tafel': 67, 'verkoper': 'jeroen'}
BESTELLING:  {'chocolademousse': 1, 'tiramisu': 1}
OPM: 1 potje mayo
geprint
accept
bericht
lengte: 240
unpickled: {'info': {'naam': 'De Waele', 'id': 5, 'tafel': 16, 'verkoper': 'Wim'}, 'opm': '', 'BST': {'spaghetti normaal': 2, 'kaaskroketten (3st)': 1, 'spaghetti groenten klein': 1}, 'hash': '564'}
accept
INFO: {'naam': 'De Waele', 'id': 5, 'tafel': 16, 'verkoper': 'Wim'}
BESTELLING:  {'coca-cola': 1, 'duvel': 2, 'affligem bleek': 1, 'fanta': 1, 'limoncello': 1}
OPM: 
bericht
lengte: 194
unpickled: {'info': {'naam': 'De Waele', 'id': 5, 'tafel': 16, 'verkoper': 'Wim'}, 'opm': '', 'BST': {'chocolademousse': 1, 'tiramisu': 2}, 'hash': '564'}
geprint
INFO: {'naam': 'De Waele', 'id': 5, 'tafel': 16, 'verkoper': 'Wim'}
BESTELLING:  {'spaghetti normaal': 2, 'kaaskroketten (3st)': 1, 'spaghetti groenten klein': 1}
OPM: 
geprint
INFO: {'naam': 'De Waele', 'id': 5, 'tafel': 16, 'verkoper': 'Wim'}
BESTELLING:  {'chocolademousse': 1, 'tiramisu': 2}
OPM: 
geprint
accept
bericht
lengte: 180
unpickled: {'info': {'id': 0, 'tafel': -1, 'naam': 'KASSA', 'verkoper': 'KASSA'}, 'opm': 'DIT is een test, geen actie nodig...', 'BST': {}, 'hash': '0000'}
INFO: {'id': 0, 'tafel': -1, 'naam': 'KASSA', 'verkoper': 'KASSA'}
BESTELLING:  {}
OPM: DIT is een test, geen actie nodig...
geprint
accept
bericht
lengte: 211
unpickled: {'info': {'naam': 'nele', 'id': 23, 'tafel': 4, 'verkoper': 'jeroen'}, 'opm': 'potje mayo', 'BST': {'coca-cola': 1, 'duvel': 1, 'ice-tea': 1}, 'hash': '2386'}
INFO: {'naam': 'nele', 'id': 23, 'tafel': 4, 'verkoper': 'jeroen'}
BESTELLING:  {'coca-cola': 1, 'duvel': 1, 'ice-tea': 1}
OPM: potje mayo
geprint
accept
bericht
lengte: 217
unpickled: {'info': {'naam': 'nele', 'id': 23, 'tafel': 4, 'verkoper': 'jeroen'}, 'opm': 'potje mayo', 'BST': {'kaaskroketten (3st)': 1, 'spaghetti normaal': 1}, 'hash': '2386'}
accept
INFO: {'naam': 'nele', 'id': 23, 'tafel': 4, 'verkoper': 'jeroen'}
BESTELLING:  {'kaaskroketten (3st)': 1, 'spaghetti normaal': 1}
OPM: potje mayo
bericht
lengte: 204
unpickled: {'info': {'naam': 'nele', 'id': 23, 'tafel': 4, 'verkoper': 'jeroen'}, 'opm': 'potje mayo', 'BST': {'tiramisu': 1, 'chocolademousse': 1}, 'hash': '2386'}
geprint
INFO: {'naam': 'nele', 'id': 23, 'tafel': 4, 'verkoper': 'jeroen'}
BESTELLING:  {'tiramisu': 1, 'chocolademousse': 1}
OPM: potje mayo
geprint
accept
bericht
lengte: 252
unpickled: {'info': {'naam': 'De waele', 'id': 5, 'tafel': 16, 'verkoper': 'Wim'}, 'opm': 'exta bord', 'BST': {'affligem bleek': 1, 'coca-cola zero': 1, 'duvel': 1, 'fanta': 1, 'ice-tea': 1}, 'hash': '545'}
INFO: {'naam': 'De waele', 'id': 5, 'tafel': 16, 'verkoper': 'Wim'}
BESTELLING:  {'affligem bleek': 1, 'coca-cola zero': 1, 'duvel': 1, 'fanta': 1, 'ice-tea': 1}
OPM: exta bord
accept
bericht
lengte: 275
unpickled: {'info': {'naam': 'De waele', 'id': 5, 'tafel': 16, 'verkoper': 'Wim'}, 'opm': 'exta bord', 'BST': {'spaghetti normaal': 2, 'kaaskroketten (3st)': 1, 'spaghetti groenten normaal': 1, 'spaghetti klein': 1}, 'hash': '545'}
geprint
accept
bericht
lengte: 203
unpickled: {'info': {'naam': 'De waele', 'id': 5, 'tafel': 16, 'verkoper': 'Wim'}, 'opm': 'exta bord', 'BST': {'tiramisu': 2, 'chocolademousse': 1}, 'hash': '545'}
INFO: {'naam': 'De waele', 'id': 5, 'tafel': 16, 'verkoper': 'Wim'}
BESTELLING:  {'spaghetti normaal': 2, 'kaaskroketten (3st)': 1, 'spaghetti groenten normaal': 1, 'spaghetti klein': 1}
OPM: exta bord
geprint
INFO: {'naam': 'De waele', 'id': 5, 'tafel': 16, 'verkoper': 'Wim'}
BESTELLING:  {'tiramisu': 2, 'chocolademousse': 1}
OPM: exta bord
geprint
accept
bericht
lengte: 188
unpickled: {'info': {'naam': 'ik', 'id': 14, 'tafel': 15, 'verkoper': 'Mona'}, 'opm': '', 'BST': {'ice-tea': 1, 'coca-cola zero': 1}, 'hash': '1491'}
INFO: {'naam': 'ik', 'id': 14, 'tafel': 15, 'verkoper': 'Mona'}
BESTELLING:  {'ice-tea': 1, 'coca-cola zero': 1}
OPM: 
accept
bericht
lengte: 203
unpickled: {'info': {'naam': 'ik', 'id': 14, 'tafel': 15, 'verkoper': 'Mona'}, 'opm': '', 'BST': {'kaaskroketten (3st)': 1, 'spaghetti normaal': 1}, 'hash': '1491'}
geprint
accept
bericht
lengte: 190
unpickled: {'info': {'naam': 'ik', 'id': 14, 'tafel': 15, 'verkoper': 'Mona'}, 'opm': '', 'BST': {'chocolademousse': 1, 'tiramisu': 1}, 'hash': '1491'}
INFO: {'naam': 'ik', 'id': 14, 'tafel': 15, 'verkoper': 'Mona'}
BESTELLING:  {'kaaskroketten (3st)': 1, 'spaghetti normaal': 1}
OPM: 
geprint
INFO: {'naam': 'ik', 'id': 14, 'tafel': 15, 'verkoper': 'Mona'}
BESTELLING:  {'chocolademousse': 1, 'tiramisu': 1}
OPM: 
geprint
accept
bericht
lengte: 19
unpickled: {'STOP': True}
line 215: 'info'
